build/app/intermediates/manifest_merge_blame_file/release/processReleaseMainManifest/manifest-merger-blame-release-report.txt
1<?xml version="1.0" encoding="utf-8"?>
2<manifest xmlns:android="http://schemas.android.com/apk/res/android"
3    package="com.example.mi_app"
4    android:versionCode="1"
5    android:versionName="1.0.0" >
6
7    <uses-sdk
8        android:minSdkVersion="21"
9        android:targetSdkVersion="35" />
10    <!-- Permisos de ubicación -->
11    <uses-permission android:name="android.permission.ACCESS_FINE_LOCATION" />
11-->src\main\AndroidManifest.xml:3:5-79
11-->src\main\AndroidManifest.xml:3:22-76
12    <uses-permission android:name="android.permission.ACCESS_COARSE_LOCATION" />
12-->src\main\AndroidManifest.xml:4:5-81
12-->src\main\AndroidManifest.xml:4:22-78
13    <uses-permission android:name="android.permission.ACCESS_BACKGROUND_LOCATION" />
13-->src\main\AndroidManifest.xml:5:5-85
13-->src\main\AndroidManifest.xml:5:22-82
14
15    <!-- Permisos de cámara y micrófono -->
16    <uses-permission android:name="android.permission.CAMERA" />
16-->src\main\AndroidManifest.xml:8:5-65
16-->src\main\AndroidManifest.xml:8:22-62
17    <uses-permission android:name="android.permission.RECORD_AUDIO" />
17-->src\main\AndroidManifest.xml:9:5-71
17-->src\main\AndroidManifest.xml:9:22-68
18
19    <!-- Permisos de almacenamiento -->
20    <uses-permission android:name="android.permission.WRITE_EXTERNAL_STORAGE" />
20-->src\main\AndroidManifest.xml:12:5-81
20-->src\main\AndroidManifest.xml:12:22-78
21    <uses-permission android:name="android.permission.READ_EXTERNAL_STORAGE" />
21-->src\main\AndroidManifest.xml:13:5-80
21-->src\main\AndroidManifest.xml:13:22-77
22
23    <!-- Permisos de comunicación -->
24    <uses-permission android:name="android.permission.CALL_PHONE" />
24-->src\main\AndroidManifest.xml:16:5-69
24-->src\main\AndroidManifest.xml:16:22-66
25    <uses-permission android:name="android.permission.SEND_SMS" />
25-->src\main\AndroidManifest.xml:17:5-67
25-->src\main\AndroidManifest.xml:17:22-64
26
27    <!-- Permisos de red -->
28    <uses-permission android:name="android.permission.INTERNET" />
28-->src\main\AndroidManifest.xml:20:5-67
28-->src\main\AndroidManifest.xml:20:22-64
29    <uses-permission android:name="android.permission.ACCESS_NETWORK_STATE" />
29-->src\main\AndroidManifest.xml:21:5-79
29-->src\main\AndroidManifest.xml:21:22-76
30
31    <!-- Permisos para Google Maps -->
32    <uses-permission android:name="android.permission.ACCESS_FINE_LOCATION" />
32-->src\main\AndroidManifest.xml:3:5-79
32-->src\main\AndroidManifest.xml:3:22-76
33    <uses-permission android:name="android.permission.ACCESS_COARSE_LOCATION" />
33-->src\main\AndroidManifest.xml:4:5-81
33-->src\main\AndroidManifest.xml:4:22-78
34
35    <!-- Permisos de notificaciones -->
36    <uses-permission android:name="android.permission.POST_NOTIFICATIONS" />
36-->src\main\AndroidManifest.xml:28:5-77
36-->src\main\AndroidManifest.xml:28:22-74
37    <!--
38         Required to query activities that can process text, see:
39         https://developer.android.com/training/package-visibility and
40         https://developer.android.com/reference/android/content/Intent#ACTION_PROCESS_TEXT.
41
42         In particular, this is used by the Flutter engine in io.flutter.plugin.text.ProcessTextPlugin.
43    -->
44    <queries>
44-->src\main\AndroidManifest.xml:72:5-77:15
45        <intent>
45-->src\main\AndroidManifest.xml:73:9-76:18
46            <action android:name="android.intent.action.PROCESS_TEXT" />
46-->src\main\AndroidManifest.xml:74:13-72
46-->src\main\AndroidManifest.xml:74:21-70
47
48            <data android:mimeType="text/plain" />
48-->src\main\AndroidManifest.xml:75:13-50
48-->src\main\AndroidManifest.xml:75:19-48
49        </intent>
50        <!-- Needs to be explicitly declared on Android R+ -->
51        <package android:name="com.google.android.apps.maps" />
51-->[com.google.android.gms:play-services-maps:19.2.0] AndroidManifest.xml:29:7-61
51-->[com.google.android.gms:play-services-maps:19.2.0] AndroidManifest.xml:29:16-59
52    </queries>
53
54    <uses-permission android:name="android.permission.VIBRATE" />
54-->[:flutter_local_notifications] AndroidManifest.xml:7:5-66
54-->[:flutter_local_notifications] AndroidManifest.xml:7:22-63
55
56    <uses-feature
56-->[com.google.android.gms:play-services-maps:19.2.0] AndroidManifest.xml:22:5-24:33
57        android:glEsVersion="0x00020000"
57-->[com.google.android.gms:play-services-maps:19.2.0] AndroidManifest.xml:23:8-40
58        android:required="true" />
58-->[com.google.android.gms:play-services-maps:19.2.0] AndroidManifest.xml:24:8-31
59
60    <permission
60-->[androidx.core:core:1.13.1] AndroidManifest.xml:22:5-24:47
61        android:name="com.example.mi_app.DYNAMIC_RECEIVER_NOT_EXPORTED_PERMISSION"
61-->[androidx.core:core:1.13.1] AndroidManifest.xml:23:9-81
62        android:protectionLevel="signature" />
62-->[androidx.core:core:1.13.1] AndroidManifest.xml:24:9-44
63
64    <uses-permission android:name="com.example.mi_app.DYNAMIC_RECEIVER_NOT_EXPORTED_PERMISSION" />
64-->[androidx.core:core:1.13.1] AndroidManifest.xml:26:5-97
64-->[androidx.core:core:1.13.1] AndroidManifest.xml:26:22-94
65
66    <application
67        android:name="android.app.Application"
67-->src\main\AndroidManifest.xml:32:9-42
68        android:appComponentFactory="androidx.core.app.CoreComponentFactory"
68-->[androidx.core:core:1.13.1] AndroidManifest.xml:28:18-86
69        android:extractNativeLibs="true"
70        android:icon="@mipmap/ic_launcher"
70-->src\main\AndroidManifest.xml:33:9-43
71        android:label="Prevención Segura" >
71-->src\main\AndroidManifest.xml:31:9-42
72
73        <!-- Google Maps API Key -->
74        <meta-data
74-->src\main\AndroidManifest.xml:36:9-38:70
75            android:name="com.google.android.geo.API_KEY"
75-->src\main\AndroidManifest.xml:37:13-58
76            android:value="AIzaSyBvOkBwJhXjK9mF8nL2pQrS3tU4vW5xY6z" />
76-->src\main\AndroidManifest.xml:38:13-68
77
78        <activity
78-->src\main\AndroidManifest.xml:39:9-60:20
79            android:name="com.example.mi_app.MainActivity"
79-->src\main\AndroidManifest.xml:40:13-41
80            android:configChanges="orientation|keyboardHidden|keyboard|screenSize|smallestScreenSize|locale|layoutDirection|fontScale|screenLayout|density|uiMode"
80-->src\main\AndroidManifest.xml:45:13-163
81            android:exported="true"
81-->src\main\AndroidManifest.xml:41:13-36
82            android:hardwareAccelerated="true"
82-->src\main\AndroidManifest.xml:46:13-47
83            android:launchMode="singleTop"
83-->src\main\AndroidManifest.xml:42:13-43
84            android:taskAffinity=""
84-->src\main\AndroidManifest.xml:43:13-36
85            android:theme="@style/LaunchTheme"
85-->src\main\AndroidManifest.xml:44:13-47
86            android:windowSoftInputMode="adjustResize" >
86-->src\main\AndroidManifest.xml:47:13-55
87
88            <!--
89                 Specifies an Android theme to apply to this Activity as soon as
90                 the Android process has started. This theme is visible to the user
91                 while the Flutter UI initializes. After that, this theme continues
92                 to determine the Window background behind the Flutter UI.
93            -->
94            <meta-data
94-->src\main\AndroidManifest.xml:52:13-55:17
95                android:name="io.flutter.embedding.android.NormalTheme"
95-->src\main\AndroidManifest.xml:53:15-70
96                android:resource="@style/NormalTheme" />
96-->src\main\AndroidManifest.xml:54:15-52
97
98            <intent-filter>
98-->src\main\AndroidManifest.xml:56:13-59:29
99                <action android:name="android.intent.action.MAIN" />
99-->src\main\AndroidManifest.xml:57:17-68
99-->src\main\AndroidManifest.xml:57:25-66
100
101                <category android:name="android.intent.category.LAUNCHER" />
101-->src\main\AndroidManifest.xml:58:17-76
101-->src\main\AndroidManifest.xml:58:27-74
102            </intent-filter>
103        </activity>
104        <!--
105             Don't delete the meta-data below.
106             This is used by the Flutter tool to generate GeneratedPluginRegistrant.java
107        -->
108        <meta-data
108-->src\main\AndroidManifest.xml:63:9-65:33
109            android:name="flutterEmbedding"
109-->src\main\AndroidManifest.xml:64:13-44
110            android:value="2" />
110-->src\main\AndroidManifest.xml:65:13-30
111
112        <service
112-->[:geolocator_android] AndroidManifest.xml:8:9-12:56
113            android:name="com.baseflow.geolocator.GeolocatorLocationService"
113-->[:geolocator_android] AndroidManifest.xml:9:13-77
114            android:enabled="true"
114-->[:geolocator_android] AndroidManifest.xml:10:13-35
115            android:exported="false"
115-->[:geolocator_android] AndroidManifest.xml:11:13-37
116            android:foregroundServiceType="location" />
116-->[:geolocator_android] AndroidManifest.xml:12:13-53
117
118        <activity
118-->[:url_launcher_android] AndroidManifest.xml:8:9-11:74
119            android:name="io.flutter.plugins.urllauncher.WebViewActivity"
119-->[:url_launcher_android] AndroidManifest.xml:9:13-74
120            android:exported="false"
120-->[:url_launcher_android] AndroidManifest.xml:10:13-37
121            android:theme="@android:style/Theme.NoTitleBar.Fullscreen" />
121-->[:url_launcher_android] AndroidManifest.xml:11:13-71
122
123        <uses-library
123-->[androidx.window:window:1.2.0] AndroidManifest.xml:23:9-25:40
124            android:name="androidx.window.extensions"
124-->[androidx.window:window:1.2.0] AndroidManifest.xml:24:13-54
125            android:required="false" />
125-->[androidx.window:window:1.2.0] AndroidManifest.xml:25:13-37
126        <uses-library
126-->[androidx.window:window:1.2.0] AndroidManifest.xml:26:9-28:40
127            android:name="androidx.window.sidecar"
127-->[androidx.window:window:1.2.0] AndroidManifest.xml:27:13-51
128            android:required="false" /> <!-- Needs to be explicitly declared on P+ -->
128-->[androidx.window:window:1.2.0] AndroidManifest.xml:28:13-37
129        <uses-library
129-->[com.google.android.gms:play-services-maps:19.2.0] AndroidManifest.xml:33:7-86
130            android:name="org.apache.http.legacy"
130-->[com.google.android.gms:play-services-maps:19.2.0] AndroidManifest.xml:33:21-58
131            android:required="false" />
131-->[com.google.android.gms:play-services-maps:19.2.0] AndroidManifest.xml:33:59-83
132
133        <activity
133-->[com.google.android.gms:play-services-base:18.5.0] AndroidManifest.xml:5:9-173
134            android:name="com.google.android.gms.common.api.GoogleApiActivity"
134-->[com.google.android.gms:play-services-base:18.5.0] AndroidManifest.xml:5:19-85
135            android:exported="false"
135-->[com.google.android.gms:play-services-base:18.5.0] AndroidManifest.xml:5:146-170
136            android:theme="@android:style/Theme.Translucent.NoTitleBar" />
136-->[com.google.android.gms:play-services-base:18.5.0] AndroidManifest.xml:5:86-145
137
138        <meta-data
138-->[com.google.android.gms:play-services-basement:18.4.0] AndroidManifest.xml:6:9-122
139            android:name="com.google.android.gms.version"
139-->[com.google.android.gms:play-services-basement:18.4.0] AndroidManifest.xml:6:20-65
140            android:value="@integer/google_play_services_version" />
140-->[com.google.android.gms:play-services-basement:18.4.0] AndroidManifest.xml:6:66-119
141
142        <provider
142-->[androidx.lifecycle:lifecycle-process:2.7.0] AndroidManifest.xml:24:9-32:20
143            android:name="androidx.startup.InitializationProvider"
143-->[androidx.lifecycle:lifecycle-process:2.7.0] AndroidManifest.xml:25:13-67
144            android:authorities="com.example.mi_app.androidx-startup"
144-->[androidx.lifecycle:lifecycle-process:2.7.0] AndroidManifest.xml:26:13-68
145            android:exported="false" >
145-->[androidx.lifecycle:lifecycle-process:2.7.0] AndroidManifest.xml:27:13-37
146            <meta-data
146-->[androidx.lifecycle:lifecycle-process:2.7.0] AndroidManifest.xml:29:13-31:52
147                android:name="androidx.lifecycle.ProcessLifecycleInitializer"
147-->[androidx.lifecycle:lifecycle-process:2.7.0] AndroidManifest.xml:30:17-78
148                android:value="androidx.startup" />
148-->[androidx.lifecycle:lifecycle-process:2.7.0] AndroidManifest.xml:31:17-49
149            <meta-data
149-->[androidx.profileinstaller:profileinstaller:1.3.1] AndroidManifest.xml:29:13-31:52
150                android:name="androidx.profileinstaller.ProfileInstallerInitializer"
150-->[androidx.profileinstaller:profileinstaller:1.3.1] AndroidManifest.xml:30:17-85
151                android:value="androidx.startup" />
151-->[androidx.profileinstaller:profileinstaller:1.3.1] AndroidManifest.xml:31:17-49
152        </provider>
153
154        <receiver
154-->[androidx.profileinstaller:profileinstaller:1.3.1] AndroidManifest.xml:34:9-52:20
155            android:name="androidx.profileinstaller.ProfileInstallReceiver"
155-->[androidx.profileinstaller:profileinstaller:1.3.1] AndroidManifest.xml:35:13-76
156            android:directBootAware="false"
156-->[androidx.profileinstaller:profileinstaller:1.3.1] AndroidManifest.xml:36:13-44
157            android:enabled="true"
157-->[androidx.profileinstaller:profileinstaller:1.3.1] AndroidManifest.xml:37:13-35
158            android:exported="true"
158-->[androidx.profileinstaller:profileinstaller:1.3.1] AndroidManifest.xml:38:13-36
159            android:permission="android.permission.DUMP" >
159-->[androidx.profileinstaller:profileinstaller:1.3.1] AndroidManifest.xml:39:13-57
160            <intent-filter>
160-->[androidx.profileinstaller:profileinstaller:1.3.1] AndroidManifest.xml:40:13-42:29
161                <action android:name="androidx.profileinstaller.action.INSTALL_PROFILE" />
161-->[androidx.profileinstaller:profileinstaller:1.3.1] AndroidManifest.xml:41:17-91
161-->[androidx.profileinstaller:profileinstaller:1.3.1] AndroidManifest.xml:41:25-88
162            </intent-filter>
163            <intent-filter>
163-->[androidx.profileinstaller:profileinstaller:1.3.1] AndroidManifest.xml:43:13-45:29
164                <action android:name="androidx.profileinstaller.action.SKIP_FILE" />
164-->[androidx.profileinstaller:profileinstaller:1.3.1] AndroidManifest.xml:44:17-85
164-->[androidx.profileinstaller:profileinstaller:1.3.1] AndroidManifest.xml:44:25-82
165            </intent-filter>
166            <intent-filter>
166-->[androidx.profileinstaller:profileinstaller:1.3.1] AndroidManifest.xml:46:13-48:29
167                <action android:name="androidx.profileinstaller.action.SAVE_PROFILE" />
167-->[androidx.profileinstaller:profileinstaller:1.3.1] AndroidManifest.xml:47:17-88
167-->[androidx.profileinstaller:profileinstaller:1.3.1] AndroidManifest.xml:47:25-85
168            </intent-filter>
169            <intent-filter>
169-->[androidx.profileinstaller:profileinstaller:1.3.1] AndroidManifest.xml:49:13-51:29
170                <action android:name="androidx.profileinstaller.action.BENCHMARK_OPERATION" />
170-->[androidx.profileinstaller:profileinstaller:1.3.1] AndroidManifest.xml:50:17-95
170-->[androidx.profileinstaller:profileinstaller:1.3.1] AndroidManifest.xml:50:25-92
171            </intent-filter>
172        </receiver>
173    </application>
174
175</manifest>